<?xml version="1.0" encoding="UTF-8"?>
<!-- Generated by org.testng.reporters.JUnitXMLReporter -->
<testsuite ignored="0" hostname="DESKTOP-POE6EF5" failures="0" tests="3" name="Regression Tests" time="24.319" errors="0" timestamp="2026-02-15T06:56:51 IST">
  <testcase classname="com.cura.tests.AppointmentTest" name="bookAppointmentTest" time="2.706"/>
  <testcase classname="com.cura.tests.AppointmentTest" name="bookAppointmentTest" time="2.352"/>
  <testcase classname="com.cura.tests.AppointmentTest" name="bookAppointmentTest" time="2.509"/>
</testsuite> <!-- Regression Tests -->
