<?xml version="1.0" encoding="UTF-8"?>
<!-- Generated by org.testng.reporters.JUnitXMLReporter -->
<testsuite ignored="0" hostname="DESKTOP-POE6EF5" failures="0" tests="3" name="Regression Tests" time="23.129" errors="0" timestamp="2026-02-15T07:38:02 IST">
  <testcase classname="com.cura.tests.AppointmentTest" name="bookAppointmentTest" time="2.593"/>
  <testcase classname="com.cura.tests.AppointmentTest" name="bookAppointmentTest" time="2.445"/>
  <testcase classname="com.cura.tests.AppointmentTest" name="bookAppointmentTest" time="2.418"/>
</testsuite> <!-- Regression Tests -->
