<?xml version="1.0" encoding="UTF-8"?>
<testng-results ignored="0" total="3" passed="3" failed="0" skipped="0">
  <reporter-output>
  </reporter-output>
  <suite started-at="2026-02-15T06:56:26 IST" name="CURA Automation Suite" finished-at="2026-02-15T06:56:51 IST" duration-ms="24319">
    <groups>
    </groups>
    <test started-at="2026-02-15T06:56:26 IST" name="Regression Tests" finished-at="2026-02-15T06:56:51 IST" duration-ms="24319">
      <class name="com.cura.tests.AppointmentTest">
        <test-method is-config="true" signature="setUp()[pri:0, instance:com.cura.tests.AppointmentTest@55e7a35c]" started-at="2026-02-15T06:56:27 IST" name="setUp" finished-at="2026-02-15T06:56:34 IST" duration-ms="7060" status="PASS">
          <reporter-output>
          </reporter-output>
        </test-method> <!-- setUp -->
        <test-method signature="bookAppointmentTest(java.lang.String,java.lang.String,java.lang.String,java.lang.String,java.lang.String)[pri:0, instance:com.cura.tests.AppointmentTest@55e7a35c]" started-at="2026-02-15T06:56:34 IST" name="bookAppointmentTest" data-provider="appointmentData" finished-at="2026-02-15T06:56:37 IST" duration-ms="2706" status="PASS">
          <params>
            <param index="0">
              <value>
                <![CDATA[Tokyo CURA Healthcare Center]]>
              </value>
            </param>
            <param index="1">
              <value>
                <![CDATA[Yes]]>
              </value>
            </param>
            <param index="2">
              <value>
                <![CDATA[Medicare]]>
              </value>
            </param>
            <param index="3">
              <value>
                <![CDATA[10/10/2025]]>
              </value>
            </param>
            <param index="4">
              <value>
                <![CDATA[Regular health checkup]]>
              </value>
            </param>
          </params>
          <reporter-output>
          </reporter-output>
        </test-method> <!-- bookAppointmentTest -->
        <test-method is-config="true" signature="tearDown()[pri:0, instance:com.cura.tests.AppointmentTest@55e7a35c]" started-at="2026-02-15T06:56:37 IST" name="tearDown" finished-at="2026-02-15T06:56:37 IST" duration-ms="176" status="PASS">
          <reporter-output>
          </reporter-output>
        </test-method> <!-- tearDown -->
        <test-method is-config="true" signature="setUp()[pri:0, instance:com.cura.tests.AppointmentTest@55e7a35c]" started-at="2026-02-15T06:56:37 IST" name="setUp" finished-at="2026-02-15T06:56:41 IST" duration-ms="4332" status="PASS">
          <reporter-output>
          </reporter-output>
        </test-method> <!-- setUp -->
        <test-method signature="bookAppointmentTest(java.lang.String,java.lang.String,java.lang.String,java.lang.String,java.lang.String)[pri:0, instance:com.cura.tests.AppointmentTest@55e7a35c]" started-at="2026-02-15T06:56:41 IST" name="bookAppointmentTest" data-provider="appointmentData" finished-at="2026-02-15T06:56:43 IST" duration-ms="2352" status="PASS">
          <params>
            <param index="0">
              <value>
                <![CDATA[Hongkong CURA Healthcare Center]]>
              </value>
            </param>
            <param index="1">
              <value>
                <![CDATA[No]]>
              </value>
            </param>
            <param index="2">
              <value>
                <![CDATA[Medicaid]]>
              </value>
            </param>
            <param index="3">
              <value>
                <![CDATA[15/10/2025]]>
              </value>
            </param>
            <param index="4">
              <value>
                <![CDATA[Follow-up visit]]>
              </value>
            </param>
          </params>
          <reporter-output>
          </reporter-output>
        </test-method> <!-- bookAppointmentTest -->
        <test-method is-config="true" signature="tearDown()[pri:0, instance:com.cura.tests.AppointmentTest@55e7a35c]" started-at="2026-02-15T06:56:43 IST" name="tearDown" finished-at="2026-02-15T06:56:44 IST" duration-ms="179" status="PASS">
          <reporter-output>
          </reporter-output>
        </test-method> <!-- tearDown -->
        <test-method is-config="true" signature="setUp()[pri:0, instance:com.cura.tests.AppointmentTest@55e7a35c]" started-at="2026-02-15T06:56:44 IST" name="setUp" finished-at="2026-02-15T06:56:48 IST" duration-ms="4268" status="PASS">
          <reporter-output>
          </reporter-output>
        </test-method> <!-- setUp -->
        <test-method signature="bookAppointmentTest(java.lang.String,java.lang.String,java.lang.String,java.lang.String,java.lang.String)[pri:0, instance:com.cura.tests.AppointmentTest@55e7a35c]" started-at="2026-02-15T06:56:48 IST" name="bookAppointmentTest" data-provider="appointmentData" finished-at="2026-02-15T06:56:50 IST" duration-ms="2509" status="PASS">
          <params>
            <param index="0">
              <value>
                <![CDATA[Seoul CURA Healthcare Center]]>
              </value>
            </param>
            <param index="1">
              <value>
                <![CDATA[Yes]]>
              </value>
            </param>
            <param index="2">
              <value>
                <![CDATA[None]]>
              </value>
            </param>
            <param index="3">
              <value>
                <![CDATA[20/10/2025]]>
              </value>
            </param>
            <param index="4">
              <value>
                <![CDATA[First-time appointment]]>
              </value>
            </param>
          </params>
          <reporter-output>
          </reporter-output>
        </test-method> <!-- bookAppointmentTest -->
        <test-method is-config="true" signature="tearDown()[pri:0, instance:com.cura.tests.AppointmentTest@55e7a35c]" started-at="2026-02-15T06:56:50 IST" name="tearDown" finished-at="2026-02-15T06:56:51 IST" duration-ms="192" status="PASS">
          <reporter-output>
          </reporter-output>
        </test-method> <!-- tearDown -->
      </class> <!-- com.cura.tests.AppointmentTest -->
    </test> <!-- Regression Tests -->
  </suite> <!-- CURA Automation Suite -->
</testng-results>
