<?xml version="1.0" encoding="UTF-8"?>
<testng-results ignored="0" total="3" passed="3" failed="0" skipped="0">
  <reporter-output>
  </reporter-output>
  <suite started-at="2026-02-15T07:37:39 IST" name="CURA Automation Suite" finished-at="2026-02-15T07:38:02 IST" duration-ms="23129">
    <groups>
    </groups>
    <test started-at="2026-02-15T07:37:39 IST" name="Regression Tests" finished-at="2026-02-15T07:38:02 IST" duration-ms="23129">
      <class name="com.cura.tests.AppointmentTest">
        <test-method is-config="true" signature="setUp()[pri:0, instance:com.cura.tests.AppointmentTest@55e7a35c]" started-at="2026-02-15T07:37:39 IST" name="setUp" finished-at="2026-02-15T07:37:45 IST" duration-ms="5466" status="PASS">
          <reporter-output>
          </reporter-output>
        </test-method> <!-- setUp -->
        <test-method signature="bookAppointmentTest(java.lang.String,java.lang.String,java.lang.String,java.lang.String,java.lang.String)[pri:0, instance:com.cura.tests.AppointmentTest@55e7a35c]" started-at="2026-02-15T07:37:45 IST" name="bookAppointmentTest" data-provider="appointmentData" finished-at="2026-02-15T07:37:47 IST" duration-ms="2593" status="PASS">
          <params>
            <param index="0">
              <value>
                <![CDATA[Tokyo CURA Healthcare Center]]>
              </value>
            </param>
            <param index="1">
              <value>
                <![CDATA[Yes]]>
              </value>
            </param>
            <param index="2">
              <value>
                <![CDATA[Medicare]]>
              </value>
            </param>
            <param index="3">
              <value>
                <![CDATA[10/10/2025]]>
              </value>
            </param>
            <param index="4">
              <value>
                <![CDATA[Regular health checkup]]>
              </value>
            </param>
          </params>
          <reporter-output>
          </reporter-output>
        </test-method> <!-- bookAppointmentTest -->
        <test-method is-config="true" signature="tearDown()[pri:0, instance:com.cura.tests.AppointmentTest@55e7a35c]" started-at="2026-02-15T07:37:47 IST" name="tearDown" finished-at="2026-02-15T07:37:48 IST" duration-ms="178" status="PASS">
          <reporter-output>
          </reporter-output>
        </test-method> <!-- tearDown -->
        <test-method is-config="true" signature="setUp()[pri:0, instance:com.cura.tests.AppointmentTest@55e7a35c]" started-at="2026-02-15T07:37:48 IST" name="setUp" finished-at="2026-02-15T07:37:52 IST" duration-ms="4674" status="PASS">
          <reporter-output>
          </reporter-output>
        </test-method> <!-- setUp -->
        <test-method signature="bookAppointmentTest(java.lang.String,java.lang.String,java.lang.String,java.lang.String,java.lang.String)[pri:0, instance:com.cura.tests.AppointmentTest@55e7a35c]" started-at="2026-02-15T07:37:52 IST" name="bookAppointmentTest" data-provider="appointmentData" finished-at="2026-02-15T07:37:55 IST" duration-ms="2445" status="PASS">
          <params>
            <param index="0">
              <value>
                <![CDATA[Hongkong CURA Healthcare Center]]>
              </value>
            </param>
            <param index="1">
              <value>
                <![CDATA[No]]>
              </value>
            </param>
            <param index="2">
              <value>
                <![CDATA[Medicaid]]>
              </value>
            </param>
            <param index="3">
              <value>
                <![CDATA[15/10/2025]]>
              </value>
            </param>
            <param index="4">
              <value>
                <![CDATA[Follow-up visit]]>
              </value>
            </param>
          </params>
          <reporter-output>
          </reporter-output>
        </test-method> <!-- bookAppointmentTest -->
        <test-method is-config="true" signature="tearDown()[pri:0, instance:com.cura.tests.AppointmentTest@55e7a35c]" started-at="2026-02-15T07:37:55 IST" name="tearDown" finished-at="2026-02-15T07:37:55 IST" duration-ms="185" status="PASS">
          <reporter-output>
          </reporter-output>
        </test-method> <!-- tearDown -->
        <test-method is-config="true" signature="setUp()[pri:0, instance:com.cura.tests.AppointmentTest@55e7a35c]" started-at="2026-02-15T07:37:55 IST" name="setUp" finished-at="2026-02-15T07:37:59 IST" duration-ms="4495" status="PASS">
          <reporter-output>
          </reporter-output>
        </test-method> <!-- setUp -->
        <test-method signature="bookAppointmentTest(java.lang.String,java.lang.String,java.lang.String,java.lang.String,java.lang.String)[pri:0, instance:com.cura.tests.AppointmentTest@55e7a35c]" started-at="2026-02-15T07:37:59 IST" name="bookAppointmentTest" data-provider="appointmentData" finished-at="2026-02-15T07:38:02 IST" duration-ms="2418" status="PASS">
          <params>
            <param index="0">
              <value>
                <![CDATA[Seoul CURA Healthcare Center]]>
              </value>
            </param>
            <param index="1">
              <value>
                <![CDATA[Yes]]>
              </value>
            </param>
            <param index="2">
              <value>
                <![CDATA[None]]>
              </value>
            </param>
            <param index="3">
              <value>
                <![CDATA[20/10/2025]]>
              </value>
            </param>
            <param index="4">
              <value>
                <![CDATA[First-time appointment]]>
              </value>
            </param>
          </params>
          <reporter-output>
          </reporter-output>
        </test-method> <!-- bookAppointmentTest -->
        <test-method is-config="true" signature="tearDown()[pri:0, instance:com.cura.tests.AppointmentTest@55e7a35c]" started-at="2026-02-15T07:38:02 IST" name="tearDown" finished-at="2026-02-15T07:38:02 IST" duration-ms="171" status="PASS">
          <reporter-output>
          </reporter-output>
        </test-method> <!-- tearDown -->
      </class> <!-- com.cura.tests.AppointmentTest -->
    </test> <!-- Regression Tests -->
  </suite> <!-- CURA Automation Suite -->
</testng-results>
