<?xml version="1.0" encoding="UTF-8"?>
<!-- Generated by org.testng.reporters.JUnitReportReporter -->
<testsuite hostname="DESKTOP-POE6EF5" failures="0" tests="3" name="com.cura.tests.AppointmentTest" time="23.774" errors="0" timestamp="2026-02-15T06:56:51 IST" skipped="0">
  <testcase classname="com.cura.tests.AppointmentTest" name="bookAppointmentTest" time="6.953"/>
  <testcase classname="com.cura.tests.AppointmentTest" name="bookAppointmentTest" time="9.945"/>
  <testcase classname="com.cura.tests.AppointmentTest" name="bookAppointmentTest" time="6.876"/>
</testsuite> <!-- com.cura.tests.AppointmentTest -->
