<?xml version="1.0" encoding="UTF-8"?>
<!-- Generated by org.testng.reporters.JUnitReportReporter -->
<testsuite hostname="DESKTOP-POE6EF5" failures="0" tests="3" name="com.cura.tests.AppointmentTest" time="34.946" errors="0" timestamp="2026-01-14T15:44:43 IST" skipped="0">
  <testcase classname="com.cura.tests.AppointmentTest" name="bookAppointmentTest" time="9.812"/>
  <testcase classname="com.cura.tests.AppointmentTest" name="bookAppointmentTest" time="16.320"/>
  <testcase classname="com.cura.tests.AppointmentTest" name="bookAppointmentTest" time="8.814"/>
</testsuite> <!-- com.cura.tests.AppointmentTest -->
